# JRE version: Java(TM) SE Runtime Environment (9.0+11) (build 9.0.1+11)
# Java VM: Java HotSpot(TM) 64-Bit Server VM (9.0.1+11, mixed mode, tiered, compressed oops, g1 gc, bsd-amd64)
Heap:
 garbage-first heap   total 262144K, used 82847K [0x00000006c0000000, 0x00000006c0100800, 0x00000007c0000000)
  region size 1024K, 2 young (2048K), 1 survivors (1024K)
 Metaspace       used 19962K, capacity 21426K, committed 21552K, reserved 1069056K
  class space    used 2357K, capacity 2653K, committed 2688K, reserved 1048576K
GC Heap History (6 events):
Event: 10.172 GC heap before
{Heap before GC invocations=0 (full 0):
 garbage-first heap   total 262144K, used 91136K [0x00000006c0000000, 0x00000006c0100800, 0x00000007c0000000)
  region size 1024K, 24 young (24576K), 0 survivors (0K)
 Metaspace       used 18975K, capacity 20222K, committed 20480K, reserved 1067008K
  class space    used 2287K, capacity 2555K, committed 2560K, reserved 1048576K
}
Event: 10.181 GC heap after
{Heap after GC invocations=1 (full 0):
 garbage-first heap   total 262144K, used 72996K [0x00000006c0000000, 0x00000006c0100800, 0x00000007c0000000)
  region size 1024K, 3 young (3072K), 3 survivors (3072K)
 Metaspace       used 18975K, capacity 20222K, committed 20480K, reserved 1067008K
  class space    used 2287K, capacity 2555K, committed 2560K, reserved 1048576K
}
Event: 44.735 GC heap before
{Heap before GC invocations=1 (full 0):
 garbage-first heap   total 262144K, used 91428K [0x00000006c0000000, 0x00000006c0100800, 0x00000007c0000000)
  region size 1024K, 12 young (12288K), 3 survivors (3072K)
 Metaspace       used 19468K, capacity 20842K, committed 21120K, reserved 1067008K
  class space    used 2306K, capacity 2589K, committed 2688K, reserved 1048576K
}
Event: 44.743 GC heap after
{Heap after GC invocations=2 (full 0):
 garbage-first heap   total 262144K, used 83031K [0x00000006c0000000, 0x00000006c0100800, 0x00000007c0000000)
  region size 1024K, 1 young (1024K), 1 survivors (1024K)
 Metaspace       used 19468K, capacity 20842K, committed 21120K, reserved 1067008K
  class space    used 2306K, capacity 2589K, committed 2688K, reserved 1048576K
}
Event: 55.304 GC heap before
{Heap before GC invocations=2 (full 0):
 garbage-first heap   total 262144K, used 86103K [0x00000006c0000000, 0x00000006c0100800, 0x00000007c0000000)
  region size 1024K, 5 young (5120K), 1 survivors (1024K)
 Metaspace       used 19795K, capacity 21170K, committed 21296K, reserved 1069056K
  class space    used 2331K, capacity 2613K, committed 2688K, reserved 1048576K
}
Event: 55.307 GC heap after
{Heap after GC invocations=3 (full 0):
 garbage-first heap   total 262144K, used 82847K [0x00000006c0000000, 0x00000006c0100800, 0x00000007c0000000)
  region size 1024K, 1 young (1024K), 1 survivors (1024K)
 Metaspace       used 19795K, capacity 21170K, committed 21296K, reserved 1069056K
  class space    used 2331K, capacity 2613K, committed 2688K, reserved 1048576K
}

